<?xml version="1.0" encoding="UTF-8"?>
<!-- Generated by org.testng.reporters.JUnitReportReporter -->
<testsuite hostname="LAPTOP-TNDV253O" failures="0" tests="1" name="NEXTeTICKET_TestRunner.NEXTeTICKET_TestRunner" time="13.825" errors="0" timestamp="2023-10-29T20:18:43 CDT" skipped="0">
  <testcase classname="NEXTeTICKET_TestRunner.NEXTeTICKET_TestRunner" name="feature" time="13.825"/>
</testsuite> <!-- NEXTeTICKET_TestRunner.NEXTeTICKET_TestRunner -->
